[2014-08-28 09:25:46] WebSystem.INFO: Matched route "shortcodes" (parameters: "content": "WebSystem Actualités", "_controller": "[{},"shortcodesAction"]", "_route": "shortcodes") [] []
[2014-08-28 09:25:46] WebSystem.DEBUG: > GET /shortcodes [] []
[2014-08-28 09:25:46] WebSystem.DEBUG: < 200 [] []
[2014-08-28 09:26:21] WebSystem.ERROR: Symfony\Component\HttpKernel\Exception\NotFoundHttpException: No route found for "GET /shortcqsdf" (uncaught exception) at E:\php-projects\websystem-pimple\vendor\symfony\http-kernel\Symfony\Component\HttpKernel\EventListener\RouterListener.php line 145 {"exception":"[object] (Symfony\\Component\\HttpKernel\\Exception\\NotFoundHttpException: No route found for \"GET /shortcqsdf\" at E:\\php-projects\\websystem-pimple\\vendor\\symfony\\http-kernel\\Symfony\\Component\\HttpKernel\\EventListener\\RouterListener.php:145, Symfony\\Component\\Routing\\Exception\\ResourceNotFoundException:  at E:\\php-projects\\websystem-pimple\\vendor\\symfony\\routing\\Symfony\\Component\\Routing\\Matcher\\UrlMatcher.php:96)"} []
[2014-08-28 09:26:21] WebSystem.DEBUG: < 404 [] []
[2014-08-28 09:26:48] WebSystem.INFO: Matched route "home" (parameters: "content": "WebSystem with Symfony 2 components", "_controller": "[{},"indexAction"]", "_route": "home") [] []
[2014-08-28 09:26:48] WebSystem.DEBUG: > GET / [] []
[2014-08-28 09:26:48] WebSystem.DEBUG: < 200 [] []
[2014-08-28 09:26:53] WebSystem.INFO: Matched route "about" (parameters: "content": "WebSystem is born with Yolo Framework in mind", "_controller": "[{},"aboutAction"]", "_route": "about") [] []
[2014-08-28 09:26:53] WebSystem.DEBUG: > GET /about [] []
[2014-08-28 09:26:53] WebSystem.DEBUG: < 200 [] []
[2014-08-28 09:31:23] WebSystem.INFO: Matched route "about" (parameters: "content": "WebSystem is born with Yolo Framework in mind", "_controller": "[{},"aboutAction"]", "_route": "about") [] []
[2014-08-28 09:31:23] WebSystem.DEBUG: > GET /about [] []
[2014-08-28 09:31:23] WebSystem.DEBUG: < 200 [] []
[2014-08-28 09:31:25] WebSystem.INFO: Matched route "contact" (parameters: "content": "WebSystem Contact Us", "_controller": "[{},"contactAction"]", "_route": "contact") [] []
[2014-08-28 09:31:25] WebSystem.DEBUG: > GET /contact [] []
[2014-08-28 09:31:25] WebSystem.DEBUG: < 200 [] []
[2014-08-28 09:31:32] WebSystem.INFO: Matched route "blog_item" (parameters: "content": "WebSystem Blog", "_controller": "[{},"blogItemAction"]", "_route": "blog_item") [] []
[2014-08-28 09:31:32] WebSystem.DEBUG: > GET /blog-item [] []
[2014-08-28 09:31:32] WebSystem.DEBUG: < 200 [] []
[2014-08-28 12:52:17] WebSystem.INFO: Matched route "blog_item" (parameters: "content": "WebSystem Blog", "_controller": "[{},"blogItemAction"]", "_route": "blog_item") [] []
[2014-08-28 12:52:17] WebSystem.DEBUG: > GET /blog-item [] []
[2014-08-28 12:52:18] WebSystem.DEBUG: < 200 [] []
[2014-08-28 12:52:23] WebSystem.INFO: Matched route "login" (parameters: "content": "WebSystem Login", "_controller": "[{},"loginAction"]", "_route": "login") [] []
[2014-08-28 12:52:23] WebSystem.DEBUG: > GET /login [] []
[2014-08-28 12:52:23] WebSystem.CRITICAL: Twig_Error_Loader: Template "/pages/login.html.twig" is not defined (). (uncaught exception) at E:\php-projects\websystem-pimple\vendor\twig\twig\lib\Twig\Loader\Chain.php line 115 {"exception":"[object] (Twig_Error_Loader: Template \"/pages/login.html.twig\" is not defined (). at E:\\php-projects\\websystem-pimple\\vendor\\twig\\twig\\lib\\Twig\\Loader\\Chain.php:115)"} []
[2014-08-28 12:52:23] WebSystem.DEBUG: < 500 [] []
[2014-08-28 12:52:40] WebSystem.INFO: Matched route "contact" (parameters: "content": "WebSystem Contact Us", "_controller": "[{},"contactAction"]", "_route": "contact") [] []
[2014-08-28 12:52:40] WebSystem.DEBUG: > GET /contact [] []
[2014-08-28 12:52:40] WebSystem.DEBUG: < 200 [] []
[2014-08-28 12:52:47] WebSystem.INFO: Matched route "blog_item" (parameters: "content": "WebSystem Blog", "_controller": "[{},"blogItemAction"]", "_route": "blog_item") [] []
[2014-08-28 12:52:47] WebSystem.DEBUG: > GET /blog-item [] []
[2014-08-28 12:52:47] WebSystem.DEBUG: < 200 [] []
[2014-08-28 12:52:55] WebSystem.INFO: Matched route "portfolio" (parameters: "content": "WebSystem PORTFOLIO", "_controller": "[{},"portfolioAction"]", "_route": "portfolio") [] []
[2014-08-28 12:52:55] WebSystem.DEBUG: > GET /portfolio [] []
[2014-08-28 12:52:55] WebSystem.DEBUG: < 200 [] []
[2014-08-28 12:52:56] WebSystem.INFO: Matched route "services" (parameters: "content": "WebSystem Services", "_controller": "[{},"servicesAction"]", "_route": "services") [] []
[2014-08-28 12:52:56] WebSystem.DEBUG: > GET /services [] []
[2014-08-28 12:52:56] WebSystem.DEBUG: < 200 [] []
[2014-08-28 12:52:59] WebSystem.INFO: Matched route "about" (parameters: "content": "WebSystem is born with Yolo Framework in mind", "_controller": "[{},"aboutAction"]", "_route": "about") [] []
[2014-08-28 12:52:59] WebSystem.DEBUG: > GET /about [] []
[2014-08-28 12:52:59] WebSystem.DEBUG: < 200 [] []
[2014-08-28 12:53:01] WebSystem.INFO: Matched route "home" (parameters: "content": "WebSystem with Symfony 2 components", "_controller": "[{},"indexAction"]", "_route": "home") [] []
[2014-08-28 12:53:01] WebSystem.DEBUG: > GET / [] []
[2014-08-28 12:53:01] WebSystem.DEBUG: < 200 [] []
[2014-08-28 12:58:04] WebSystem.INFO: Matched route "home" (parameters: "content": "WebSystem with Symfony 2 components", "_controller": "[{},"indexAction"]", "_route": "home") [] []
[2014-08-28 12:58:04] WebSystem.DEBUG: > GET / [] []
[2014-08-28 12:58:04] WebSystem.DEBUG: < 200 [] []
[2014-08-28 12:58:07] WebSystem.INFO: Matched route "login" (parameters: "content": "WebSystem Login", "_controller": "[{},"loginAction"]", "_route": "login") [] []
[2014-08-28 12:58:07] WebSystem.DEBUG: > GET /login [] []
[2014-08-28 12:58:07] WebSystem.DEBUG: < 200 [] []
[2014-08-28 12:59:35] WebSystem.INFO: Matched route "login" (parameters: "content": "WebSystem Login", "_controller": "[{},"loginAction"]", "_route": "login") [] []
[2014-08-28 12:59:35] WebSystem.DEBUG: > GET /login [] []
[2014-08-28 12:59:35] WebSystem.DEBUG: < 200 [] []
[2014-08-28 13:00:25] WebSystem.INFO: Matched route "login" (parameters: "content": "WebSystem Login", "_controller": "[{},"loginAction"]", "_route": "login") [] []
[2014-08-28 13:00:25] WebSystem.DEBUG: > GET /login [] []
[2014-08-28 13:00:25] WebSystem.DEBUG: < 200 [] []
[2014-08-28 13:02:52] WebSystem.INFO: Matched route "login" (parameters: "content": "WebSystem Login", "_controller": "[{},"loginAction"]", "_route": "login") [] []
[2014-08-28 13:02:52] WebSystem.DEBUG: > GET /login [] []
[2014-08-28 13:02:52] WebSystem.DEBUG: < 200 [] []
[2014-08-28 13:04:03] WebSystem.INFO: Matched route "login" (parameters: "content": "WebSystem Login", "_controller": "[{},"loginAction"]", "_route": "login") [] []
[2014-08-28 13:04:03] WebSystem.DEBUG: > GET /login [] []
[2014-08-28 13:04:04] WebSystem.DEBUG: < 200 [] []
[2014-08-28 13:04:49] WebSystem.INFO: Matched route "login" (parameters: "content": "WebSystem Login", "_controller": "[{},"loginAction"]", "_route": "login") [] []
[2014-08-28 13:04:49] WebSystem.DEBUG: > GET /login [] []
[2014-08-28 13:04:49] WebSystem.DEBUG: < 200 [] []
[2014-08-28 13:05:19] WebSystem.INFO: Matched route "login" (parameters: "content": "WebSystem Login", "_controller": "[{},"loginAction"]", "_route": "login") [] []
[2014-08-28 13:05:19] WebSystem.DEBUG: > GET /login [] []
[2014-08-28 13:05:19] WebSystem.DEBUG: < 200 [] []
[2014-08-28 13:06:20] WebSystem.INFO: Matched route "login" (parameters: "content": "WebSystem Login", "_controller": "[{},"loginAction"]", "_route": "login") [] []
[2014-08-28 13:06:20] WebSystem.DEBUG: > GET /login [] []
[2014-08-28 13:06:20] WebSystem.DEBUG: < 200 [] []
[2014-08-28 13:08:49] WebSystem.INFO: Matched route "login" (parameters: "content": "WebSystem Login", "_controller": "[{},"loginAction"]", "_route": "login") [] []
[2014-08-28 13:08:49] WebSystem.DEBUG: > GET /login [] []
[2014-08-28 13:08:49] WebSystem.DEBUG: < 200 [] []
[2014-08-28 13:09:47] WebSystem.INFO: Matched route "login" (parameters: "content": "WebSystem Login", "_controller": "[{},"loginAction"]", "_route": "login") [] []
[2014-08-28 13:09:47] WebSystem.DEBUG: > GET /login [] []
[2014-08-28 13:09:47] WebSystem.DEBUG: < 200 [] []
[2014-08-28 13:10:16] WebSystem.INFO: Matched route "login" (parameters: "content": "WebSystem Login", "_controller": "[{},"loginAction"]", "_route": "login") [] []
[2014-08-28 13:10:16] WebSystem.DEBUG: > GET /login [] []
[2014-08-28 13:10:16] WebSystem.DEBUG: < 200 [] []
[2014-08-28 13:10:43] WebSystem.INFO: Matched route "login" (parameters: "content": "WebSystem Login", "_controller": "[{},"loginAction"]", "_route": "login") [] []
[2014-08-28 13:10:43] WebSystem.DEBUG: > GET /login [] []
[2014-08-28 13:10:43] WebSystem.DEBUG: < 200 [] []
[2014-08-28 13:11:35] WebSystem.INFO: Matched route "login" (parameters: "content": "WebSystem Login", "_controller": "[{},"loginAction"]", "_route": "login") [] []
[2014-08-28 13:11:35] WebSystem.DEBUG: > GET /login [] []
[2014-08-28 13:11:35] WebSystem.DEBUG: < 200 [] []
[2014-08-28 13:12:04] WebSystem.INFO: Matched route "blog" (parameters: "content": "WebSystem Blog", "_controller": "[{},"blogAction"]", "_route": "blog") [] []
[2014-08-28 13:12:04] WebSystem.DEBUG: > GET /blog [] []
[2014-08-28 13:12:04] WebSystem.DEBUG: < 200 [] []
[2014-08-28 13:12:06] WebSystem.INFO: Matched route "contact" (parameters: "content": "WebSystem Contact Us", "_controller": "[{},"contactAction"]", "_route": "contact") [] []
[2014-08-28 13:12:06] WebSystem.DEBUG: > GET /contact [] []
[2014-08-28 13:12:06] WebSystem.DEBUG: < 200 [] []
[2014-08-28 13:12:08] WebSystem.INFO: Matched route "login" (parameters: "content": "WebSystem Login", "_controller": "[{},"loginAction"]", "_route": "login") [] []
[2014-08-28 13:12:08] WebSystem.DEBUG: > GET /login [] []
[2014-08-28 13:12:08] WebSystem.DEBUG: < 200 [] []
[2014-08-28 13:13:56] WebSystem.INFO: Matched route "login" (parameters: "content": "WebSystem Login", "_controller": "[{},"loginAction"]", "_route": "login") [] []
[2014-08-28 13:13:56] WebSystem.DEBUG: > GET /login [] []
[2014-08-28 13:13:56] WebSystem.DEBUG: < 200 [] []
[2014-08-28 13:14:00] WebSystem.INFO: Matched route "login" (parameters: "content": "WebSystem Login", "_controller": "[{},"loginAction"]", "_route": "login") [] []
[2014-08-28 13:14:00] WebSystem.DEBUG: > GET /login [] []
[2014-08-28 13:14:00] WebSystem.DEBUG: < 200 [] []
[2014-08-28 13:16:14] WebSystem.INFO: Matched route "login" (parameters: "content": "WebSystem Login", "_controller": "[{},"loginAction"]", "_route": "login") [] []
[2014-08-28 13:16:14] WebSystem.DEBUG: > GET /login [] []
[2014-08-28 13:16:15] WebSystem.DEBUG: < 200 [] []
[2014-08-28 13:16:31] WebSystem.INFO: Matched route "contact" (parameters: "content": "WebSystem Contact Us", "_controller": "[{},"contactAction"]", "_route": "contact") [] []
[2014-08-28 13:16:31] WebSystem.DEBUG: > GET /contact [] []
[2014-08-28 13:16:31] WebSystem.DEBUG: < 200 [] []
[2014-08-28 13:16:42] WebSystem.INFO: Matched route "blog" (parameters: "content": "WebSystem Blog", "_controller": "[{},"blogAction"]", "_route": "blog") [] []
[2014-08-28 13:16:42] WebSystem.DEBUG: > GET /blog [] []
[2014-08-28 13:16:42] WebSystem.DEBUG: < 200 [] []
[2014-08-28 13:16:52] WebSystem.INFO: Matched route "shortcodes" (parameters: "content": "WebSystem Actualités", "_controller": "[{},"shortcodesAction"]", "_route": "shortcodes") [] []
[2014-08-28 13:16:52] WebSystem.DEBUG: > GET /shortcodes [] []
[2014-08-28 13:16:52] WebSystem.DEBUG: < 200 [] []
[2014-08-28 13:17:11] WebSystem.INFO: Matched route "blog_item" (parameters: "content": "WebSystem Blog", "_controller": "[{},"blogItemAction"]", "_route": "blog_item") [] []
[2014-08-28 13:17:11] WebSystem.DEBUG: > GET /blog-item [] []
[2014-08-28 13:17:11] WebSystem.DEBUG: < 200 [] []
[2014-08-28 13:23:30] WebSystem.INFO: Matched route "login" (parameters: "content": "WebSystem Login", "_controller": "[{},"loginAction"]", "_route": "login") [] []
[2014-08-28 13:23:30] WebSystem.DEBUG: > GET /login [] []
[2014-08-28 13:23:30] WebSystem.DEBUG: < 200 [] []
[2014-08-28 13:24:40] WebSystem.INFO: Matched route "login" (parameters: "content": "WebSystem Login", "_controller": "[{},"loginAction"]", "_route": "login") [] []
[2014-08-28 13:24:40] WebSystem.DEBUG: > GET /login [] []
[2014-08-28 13:24:40] WebSystem.DEBUG: < 200 [] []
[2014-08-28 13:24:48] WebSystem.INFO: Matched route "contact" (parameters: "content": "WebSystem Contact Us", "_controller": "[{},"contactAction"]", "_route": "contact") [] []
[2014-08-28 13:24:48] WebSystem.DEBUG: > GET /contact [] []
[2014-08-28 13:24:48] WebSystem.DEBUG: < 200 [] []
[2014-08-28 13:24:53] WebSystem.INFO: Matched route "login" (parameters: "content": "WebSystem Login", "_controller": "[{},"loginAction"]", "_route": "login") [] []
[2014-08-28 13:24:53] WebSystem.DEBUG: > GET /login [] []
[2014-08-28 13:24:53] WebSystem.DEBUG: < 200 [] []
[2014-08-28 13:25:04] WebSystem.INFO: Matched route "login" (parameters: "content": "WebSystem Login", "_controller": "[{},"loginAction"]", "_route": "login") [] []
[2014-08-28 13:25:04] WebSystem.DEBUG: > GET /login [] []
[2014-08-28 13:25:04] WebSystem.DEBUG: < 200 [] []
[2014-08-28 13:28:15] WebSystem.INFO: Matched route "login" (parameters: "content": "WebSystem Login", "_controller": "[{},"loginAction"]", "_route": "login") [] []
[2014-08-28 13:28:15] WebSystem.DEBUG: > GET /login [] []
[2014-08-28 13:28:15] WebSystem.CRITICAL: Twig_Error_Syntax: Unknown tag name "endblock" in "/pages/login.html.twig" at line 104 (uncaught exception) at E:\php-projects\websystem-pimple\vendor\twig\twig\lib\Twig\Parser.php line 182 {"exception":"[object] (Twig_Error_Syntax: Unknown tag name \"endblock\" in \"/pages/login.html.twig\" at line 104 at E:\\php-projects\\websystem-pimple\\vendor\\twig\\twig\\lib\\Twig\\Parser.php:182)"} []
[2014-08-28 13:28:15] WebSystem.DEBUG: < 500 [] []
[2014-08-28 13:28:54] WebSystem.INFO: Matched route "login" (parameters: "content": "WebSystem Login", "_controller": "[{},"loginAction"]", "_route": "login") [] []
[2014-08-28 13:28:54] WebSystem.DEBUG: > GET /login [] []
[2014-08-28 13:28:54] WebSystem.DEBUG: < 200 [] []
[2014-08-28 14:06:05] WebSystem.INFO: Matched route "contact" (parameters: "content": "WebSystem Contact Us", "_controller": "[{},"contactAction"]", "_route": "contact") [] []
[2014-08-28 14:06:05] WebSystem.DEBUG: > GET /contact [] []
[2014-08-28 14:06:05] WebSystem.DEBUG: < 200 [] []
[2014-08-28 14:06:14] WebSystem.INFO: Matched route "contact" (parameters: "content": "WebSystem Contact Us", "_controller": "[{},"contactAction"]", "_route": "contact") [] []
[2014-08-28 14:06:14] WebSystem.DEBUG: > GET /contact [] []
[2014-08-28 14:06:14] WebSystem.DEBUG: < 200 [] []
[2014-08-28 14:07:36] WebSystem.INFO: Matched route "login" (parameters: "content": "WebSystem Login", "_controller": "[{},"loginAction"]", "_route": "login") [] []
[2014-08-28 14:07:36] WebSystem.DEBUG: > GET /login [] []
[2014-08-28 14:07:36] WebSystem.DEBUG: < 200 [] []
[2014-08-28 14:09:05] WebSystem.INFO: Matched route "post_login" (parameters: "_controller": "[{},"postLoginAction"]", "_route": "post_login") [] []
[2014-08-28 14:09:05] WebSystem.DEBUG: > POST /post_login [] []
[2014-08-28 14:09:05] WebSystem.CRITICAL: LogicException: The controller must return a response (null given). Did you forget to add a return statement somewhere in your controller? (uncaught exception) at E:\php-projects\websystem-pimple\vendor\symfony\http-kernel\Symfony\Component\HttpKernel\HttpKernel.php line 163 {"exception":"[object] (LogicException: The controller must return a response (null given). Did you forget to add a return statement somewhere in your controller? at E:\\php-projects\\websystem-pimple\\vendor\\symfony\\http-kernel\\Symfony\\Component\\HttpKernel\\HttpKernel.php:163)"} []
[2014-08-28 14:09:05] WebSystem.DEBUG: < 500 [] []
[2014-08-28 14:11:39] WebSystem.INFO: Matched route "portfolio" (parameters: "content": "WebSystem PORTFOLIO", "_controller": "[{},"portfolioAction"]", "_route": "portfolio") [] []
[2014-08-28 14:11:39] WebSystem.DEBUG: > GET /portfolio [] []
[2014-08-28 14:11:39] WebSystem.DEBUG: < 200 [] []
[2014-08-28 14:11:55] WebSystem.INFO: Matched route "about" (parameters: "content": "WebSystem is born with Yolo Framework in mind", "_controller": "[{},"aboutAction"]", "_route": "about") [] []
[2014-08-28 14:11:55] WebSystem.DEBUG: > GET /about [] []
[2014-08-28 14:11:55] WebSystem.DEBUG: < 200 [] []
[2014-08-28 14:11:56] WebSystem.INFO: Matched route "services" (parameters: "content": "WebSystem Services", "_controller": "[{},"servicesAction"]", "_route": "services") [] []
[2014-08-28 14:11:56] WebSystem.DEBUG: > GET /services [] []
[2014-08-28 14:11:56] WebSystem.DEBUG: < 200 [] []
[2014-08-28 14:12:01] WebSystem.INFO: Matched route "home" (parameters: "content": "WebSystem with Symfony 2 components", "_controller": "[{},"indexAction"]", "_route": "home") [] []
[2014-08-28 14:12:01] WebSystem.DEBUG: > GET / [] []
[2014-08-28 14:12:01] WebSystem.DEBUG: < 200 [] []
[2014-08-28 14:29:38] WebSystem.INFO: Matched route "login" (parameters: "content": "WebSystem Login", "_controller": "[{},"loginAction"]", "_route": "login") [] []
[2014-08-28 14:29:38] WebSystem.DEBUG: > GET /login [] []
[2014-08-28 14:29:38] WebSystem.DEBUG: < 200 [] []
[2014-08-28 14:29:46] WebSystem.INFO: Matched route "post_login" (parameters: "_controller": "[{},"postLoginAction"]", "_route": "post_login") [] []
[2014-08-28 14:29:46] WebSystem.DEBUG: > POST /post_login [] []
[2014-08-28 14:30:51] WebSystem.INFO: Matched route "post_login" (parameters: "_controller": "[{},"postLoginAction"]", "_route": "post_login") [] []
[2014-08-28 14:30:51] WebSystem.DEBUG: > POST /post_login [] []
[2014-08-28 14:30:52] WebSystem.INFO: Matched route "home" (parameters: "content": "WebSystem with Symfony 2 components", "_controller": "[{},"indexAction"]", "_route": "home") [] []
[2014-08-28 14:30:52] WebSystem.DEBUG: > GET / [] []
[2014-08-28 14:30:52] WebSystem.DEBUG: < 200 [] []
[2014-08-28 14:30:59] WebSystem.INFO: Matched route "login" (parameters: "content": "WebSystem Login", "_controller": "[{},"loginAction"]", "_route": "login") [] []
[2014-08-28 14:30:59] WebSystem.DEBUG: > GET /login [] []
[2014-08-28 14:30:59] WebSystem.DEBUG: < 200 [] []
[2014-08-28 14:31:09] WebSystem.INFO: Matched route "post_login" (parameters: "_controller": "[{},"postLoginAction"]", "_route": "post_login") [] []
[2014-08-28 14:31:09] WebSystem.DEBUG: > POST /post_login [] []
[2014-08-28 14:31:10] WebSystem.INFO: Matched route "home" (parameters: "content": "WebSystem with Symfony 2 components", "_controller": "[{},"indexAction"]", "_route": "home") [] []
[2014-08-28 14:31:10] WebSystem.DEBUG: > GET / [] []
[2014-08-28 14:31:10] WebSystem.DEBUG: < 200 [] []
[2014-08-28 14:33:02] WebSystem.INFO: Matched route "home" (parameters: "content": "WebSystem with Symfony 2 components", "_controller": "[{},"indexAction"]", "_route": "home") [] []
[2014-08-28 14:33:02] WebSystem.DEBUG: > GET / [] []
[2014-08-28 14:33:02] WebSystem.DEBUG: < 200 [] []
[2014-08-28 14:33:05] WebSystem.INFO: Matched route "login" (parameters: "content": "WebSystem Login", "_controller": "[{},"loginAction"]", "_route": "login") [] []
[2014-08-28 14:33:05] WebSystem.DEBUG: > GET /login [] []
[2014-08-28 14:33:05] WebSystem.DEBUG: < 200 [] []
[2014-08-28 14:33:15] WebSystem.INFO: Matched route "post_login" (parameters: "_controller": "[{},"postLoginAction"]", "_route": "post_login") [] []
[2014-08-28 14:33:15] WebSystem.DEBUG: > POST /post_login [] []
[2014-08-28 14:33:16] WebSystem.INFO: Matched route "home" (parameters: "content": "WebSystem with Symfony 2 components", "_controller": "[{},"indexAction"]", "_route": "home") [] []
[2014-08-28 14:33:16] WebSystem.DEBUG: > GET / [] []
[2014-08-28 14:33:16] WebSystem.DEBUG: < 200 [] []
[2014-08-28 14:33:25] WebSystem.INFO: Matched route "login" (parameters: "content": "WebSystem Login", "_controller": "[{},"loginAction"]", "_route": "login") [] []
[2014-08-28 14:33:25] WebSystem.DEBUG: > GET /login [] []
[2014-08-28 14:33:25] WebSystem.DEBUG: < 200 [] []
[2014-08-28 14:33:36] WebSystem.INFO: Matched route "post_login" (parameters: "_controller": "[{},"postLoginAction"]", "_route": "post_login") [] []
[2014-08-28 14:33:36] WebSystem.DEBUG: > POST /post_login [] []
[2014-08-28 14:33:37] WebSystem.INFO: Matched route "home" (parameters: "content": "WebSystem with Symfony 2 components", "_controller": "[{},"indexAction"]", "_route": "home") [] []
[2014-08-28 14:33:37] WebSystem.DEBUG: > GET / [] []
[2014-08-28 14:33:37] WebSystem.DEBUG: < 200 [] []
[2014-08-28 14:34:06] WebSystem.INFO: Matched route "login" (parameters: "content": "WebSystem Login", "_controller": "[{},"loginAction"]", "_route": "login") [] []
[2014-08-28 14:34:06] WebSystem.DEBUG: > GET /login [] []
[2014-08-28 14:34:06] WebSystem.DEBUG: < 200 [] []
[2014-08-28 14:34:13] WebSystem.INFO: Matched route "post_login" (parameters: "_controller": "[{},"postLoginAction"]", "_route": "post_login") [] []
[2014-08-28 14:34:13] WebSystem.DEBUG: > POST /post_login [] []
[2014-08-28 14:34:14] WebSystem.INFO: Matched route "home" (parameters: "content": "WebSystem with Symfony 2 components", "_controller": "[{},"indexAction"]", "_route": "home") [] []
[2014-08-28 14:34:14] WebSystem.DEBUG: > GET / [] []
[2014-08-28 14:34:14] WebSystem.DEBUG: < 200 [] []
[2014-08-28 14:40:27] WebSystem.INFO: Matched route "login" (parameters: "content": "WebSystem Login", "_controller": "[{},"loginAction"]", "_route": "login") [] []
[2014-08-28 14:40:27] WebSystem.DEBUG: > GET /login [] []
[2014-08-28 14:40:28] WebSystem.DEBUG: < 200 [] []
[2014-08-28 14:40:34] WebSystem.INFO: Matched route "post_login" (parameters: "_controller": "[{},"postLoginAction"]", "_route": "post_login") [] []
[2014-08-28 14:40:34] WebSystem.DEBUG: > POST /post_login [] []
[2014-08-28 14:44:49] WebSystem.INFO: Matched route "login" (parameters: "content": "WebSystem Login", "_controller": "[{},"loginAction"]", "_route": "login") [] []
[2014-08-28 14:44:49] WebSystem.DEBUG: > GET /login [] []
[2014-08-28 14:44:49] WebSystem.DEBUG: < 200 [] []
[2014-08-28 14:44:59] WebSystem.INFO: Matched route "post_login" (parameters: "_controller": "[{},"postLoginAction"]", "_route": "post_login") [] []
[2014-08-28 14:44:59] WebSystem.DEBUG: > POST /post_login [] []
[2014-08-28 14:44:59] WebSystem.DEBUG: < 302 /services [] []
[2014-08-28 14:44:59] WebSystem.INFO: Matched route "services" (parameters: "content": "WebSystem Services", "_controller": "[{},"servicesAction"]", "_route": "services") [] []
[2014-08-28 14:44:59] WebSystem.DEBUG: > GET /services [] []
[2014-08-28 14:45:00] WebSystem.DEBUG: < 200 [] []
[2014-08-28 14:45:19] WebSystem.INFO: Matched route "contact" (parameters: "content": "WebSystem Contact Us", "_controller": "[{},"contactAction"]", "_route": "contact") [] []
[2014-08-28 14:45:19] WebSystem.DEBUG: > GET /contact [] []
[2014-08-28 14:45:19] WebSystem.DEBUG: < 200 [] []
